<?xml version="1.0" encoding="UTF-8"?>
<testsuites name="Mocha Tests" time="16.755" tests="1" failures="0">
  <testsuite name="Root Suite" timestamp="2019-08-15T18:13:38" tests="0" failures="0" time="0">
  </testsuite>
  <testsuite name="I want to Open EMM Page" timestamp="2019-08-15T18:13:38" tests="1" failures="0" time="16.755">
    <testcase name="I want to Open EMM Page Login to EMM" time="16.755" classname="Login to EMM">
    </testcase>
  </testsuite>
</testsuites>